<?xml version="1.0" encoding="UTF-8"?>
<!-- Generated by org.testng.reporters.JUnitReportReporter -->
<testsuite hostname="DESKTOP-E6J7T5V" name="Facebook.datbaseconn" tests="1" failures="0" timestamp="16 Jul 2021 10:24:43 GMT" time="2.031" errors="0">
  <testcase name="connection" time="2.031" classname="Facebook.datbaseconn"/>
</testsuite> <!-- Facebook.datbaseconn -->
