<?xml version="1.0" encoding="UTF-8"?>
<!-- Generated by org.testng.reporters.JUnitReportReporter -->
<testsuite hostname="DESKTOP-E6J7T5V" name="FramewrkScratch.E2E.tstngpriotest" tests="4" failures="0" timestamp="14 Jul 2021 08:04:52 GMT" time="0.024" errors="0">
  <testcase name="test11" time="0.004" classname="FramewrkScratch.E2E.tstngpriotest"/>
  <testcase name="test2" time="0.014" classname="FramewrkScratch.E2E.tstngpriotest"/>
  <testcase name="test3" time="0.004" classname="FramewrkScratch.E2E.tstngpriotest"/>
  <testcase name="test4" time="0.002" classname="FramewrkScratch.E2E.tstngpriotest"/>
</testsuite> <!-- FramewrkScratch.E2E.tstngpriotest -->
