<?xml version="1.0" encoding="UTF-8"?>
<!-- Generated by org.testng.reporters.JUnitReportReporter -->
<testsuite hostname="DESKTOP-E6J7T5V" name="Facebook.FacBkTest" tests="1" failures="0" timestamp="6 Jul 2021 08:09:59 GMT" time="0.023" errors="0">
  <testcase name="loginfcbk" time="0.023" classname="Facebook.FacBkTest"/>
</testsuite> <!-- Facebook.FacBkTest -->
